 
****************************************
Report : area
Design : RISC_v
Version: K-2015.06
Date   : Thu Oct  5 01:17:48 2023
****************************************

Library(s) Used:

    NangateOpenCellLibrary_ss0p95vn40c (File: /home/IC/Desktop/NangateOpenCellLibrary_PDKv1_3_v2010_12/lib/Front_End/Liberty/NLDM/NangateOpenCellLibrary_ss0p95vn40c.db)

Number of ports:                         1431
Number of nets:                          9799
Number of cells:                         7644
Number of combinational cells:           6306
Number of sequential cells:              1321
Number of macros/black boxes:               0
Number of buf/inv:                       2895
Number of references:                      11

Combinational area:               6557.698045
Buf/Inv area:                     1847.103984
Noncombinational area:            6902.700223
Macro/Black Box area:                0.000000
Net Interconnect area:      undefined  (Wire load has zero net area)

Total cell area:                 13460.398268
Total area:                 undefined
1
