 
****************************************
Report : timing
        -path full
        -delay max
        -max_paths 10
Design : RISC_v
Version: K-2015.06
Date   : Thu Oct  5 01:17:48 2023
****************************************

 # A fanout number of 1000 was used for high fanout net computations.

Operating Conditions: worst_low   Library: NangateOpenCellLibrary_ss0p95vn40c
Wire Load Model Mode: top

  Startpoint: Instr[4] (input port clocked by clk)
  Endpoint: D/Dmem_reg_5__11_
            (rising edge-triggered flip-flop clocked by clk)
  Path Group: clk
  Path Type: max

  Des/Clust/Port     Wire Load Model       Library
  ------------------------------------------------
  RISC_v             5K_hvratio_1_1        NangateOpenCellLibrary_ss0p95vn40c

  Point                                                   Incr       Path
  --------------------------------------------------------------------------
  clock clk (rise edge)                                   0.00       0.00
  clock network delay (ideal)                             0.00       0.00
  input external delay                                    0.50       0.50 f
  Instr[4] (in)                                           0.01       0.51 f
  Controller/op[4] (Control_Unit)                         0.00       0.51 f
  Controller/M1/op[4] (Main_Decoder)                      0.00       0.51 f
  Controller/M1/U16/ZN (INV_X1)                           0.03       0.55 r
  Controller/M1/U18/ZN (AND2_X1)                          0.04       0.59 r
  Controller/M1/U17/ZN (NAND4_X1)                         0.05       0.63 f
  Controller/M1/U6/ZN (NOR3_X1)                           0.11       0.74 r
  Controller/M1/U23/ZN (OR2_X1)                           0.07       0.81 r
  Controller/M1/ImmSrc[0] (Main_Decoder)                  0.00       0.81 r
  Controller/ImmSrc[0] (Control_Unit)                     0.00       0.81 r
  EX/ImmSrc[0] (Immediate_extender)                       0.00       0.81 r
  EX/U29/ZN (INV_X1)                                      0.03       0.84 f
  EX/U36/Z (XOR2_X1)                                      0.08       0.92 f
  EX/U35/ZN (INV_X1)                                      0.05       0.96 r
  EX/U34/ZN (AOI22_X1)                                    0.04       1.00 f
  EX/U30/ZN (INV_X1)                                      0.03       1.03 r
  EX/immediate_extended[1] (Immediate_extender)           0.00       1.03 r
  select_operand/B[1] (mux32_width32_1)                   0.00       1.03 r
  select_operand/U68/ZN (AOI22_X1)                        0.03       1.07 f
  select_operand/U70/ZN (INV_X1)                          0.04       1.11 r
  select_operand/out[1] (mux32_width32_1)                 0.00       1.11 r
  AL/src_B[1] (ALU)                                       0.00       1.11 r
  AL/sub_12/B[1] (ALU_DW01_sub_0)                         0.00       1.11 r
  AL/sub_12/U125/ZN (INV_X1)                              0.03       1.14 f
  AL/sub_12/U2_1/CO (FA_X1)                               0.10       1.24 f
  AL/sub_12/U153/ZN (NAND2_X1)                            0.03       1.27 r
  AL/sub_12/U63/ZN (NAND3_X1)                             0.05       1.32 f
  AL/sub_12/U151/ZN (NAND2_X1)                            0.03       1.35 r
  AL/sub_12/U59/ZN (NAND3_X1)                             0.05       1.40 f
  AL/sub_12/U106/ZN (NAND2_X1)                            0.03       1.43 r
  AL/sub_12/U41/ZN (NAND3_X1)                             0.04       1.47 f
  AL/sub_12/U2_5/CO (FA_X1)                               0.09       1.56 f
  AL/sub_12/U169/ZN (NAND2_X1)                            0.04       1.59 r
  AL/sub_12/U167/ZN (NAND3_X1)                            0.05       1.64 f
  AL/sub_12/U124/ZN (NAND2_X1)                            0.04       1.68 r
  AL/sub_12/U122/ZN (NAND3_X1)                            0.03       1.71 f
  AL/sub_12/U93/ZN (NAND2_X1)                             0.03       1.74 r
  AL/sub_12/U44/ZN (NAND3_X1)                             0.04       1.78 f
  AL/sub_12/U2_9/CO (FA_X1)                               0.09       1.86 f
  AL/sub_12/U149/ZN (NAND2_X1)                            0.04       1.90 r
  AL/sub_12/U147/ZN (NAND3_X1)                            0.04       1.94 f
  AL/sub_12/U119/ZN (NAND2_X1)                            0.03       1.98 r
  AL/sub_12/U118/ZN (NAND3_X1)                            0.04       2.01 f
  AL/sub_12/U2_12/CO (FA_X1)                              0.09       2.10 f
  AL/sub_12/U164/ZN (NAND2_X1)                            0.03       2.13 r
  AL/sub_12/U47/ZN (NAND3_X1)                             0.04       2.17 f
  AL/sub_12/U2_14/CO (FA_X1)                              0.09       2.26 f
  AL/sub_12/U163/ZN (NAND2_X1)                            0.04       2.30 r
  AL/sub_12/U144/ZN (NAND3_X1)                            0.04       2.34 f
  AL/sub_12/U88/ZN (NAND2_X1)                             0.03       2.36 r
  AL/sub_12/U97/ZN (NAND3_X1)                             0.04       2.40 f
  AL/sub_12/U2_17/CO (FA_X1)                              0.09       2.49 f
  AL/sub_12/U161/ZN (NAND2_X1)                            0.04       2.52 r
  AL/sub_12/U143/ZN (NAND3_X1)                            0.05       2.57 f
  AL/sub_12/U117/ZN (NAND2_X1)                            0.03       2.60 r
  AL/sub_12/U52/ZN (NAND3_X1)                             0.03       2.63 f
  AL/sub_12/U2_20/CO (FA_X1)                              0.09       2.72 f
  AL/sub_12/U159/ZN (NAND2_X1)                            0.04       2.76 r
  AL/sub_12/U116/ZN (NAND3_X1)                            0.05       2.80 f
  AL/sub_12/U111/ZN (NAND2_X1)                            0.03       2.83 r
  AL/sub_12/U110/ZN (NAND3_X1)                            0.04       2.87 f
  AL/sub_12/U2_23/CO (FA_X1)                              0.09       2.96 f
  AL/sub_12/U157/ZN (NAND2_X1)                            0.04       3.00 r
  AL/sub_12/U140/ZN (NAND3_X1)                            0.04       3.04 f
  AL/sub_12/U105/ZN (NAND2_X1)                            0.03       3.06 r
  AL/sub_12/U57/ZN (NAND3_X1)                             0.04       3.10 f
  AL/sub_12/U2_26/CO (FA_X1)                              0.09       3.19 f
  AL/sub_12/U155/ZN (NAND2_X1)                            0.03       3.22 r
  AL/sub_12/U104/ZN (NAND3_X1)                            0.04       3.26 f
  AL/sub_12/U2_28/CO (FA_X1)                              0.09       3.34 f
  AL/sub_12/U136/ZN (NAND2_X1)                            0.04       3.38 r
  AL/sub_12/U131/ZN (NAND3_X1)                            0.04       3.42 f
  AL/sub_12/U99/ZN (NAND2_X1)                             0.03       3.45 r
  AL/sub_12/U4/ZN (NAND3_X1)                              0.03       3.48 f
  AL/sub_12/U1/Z (XOR2_X1)                                0.06       3.54 f
  AL/sub_12/DIFF[31] (ALU_DW01_sub_0)                     0.00       3.54 f
  AL/U216/ZN (INV_X1)                                     0.02       3.57 r
  AL/U229/ZN (OAI221_X1)                                  0.05       3.62 f
  AL/out[31] (ALU)                                        0.00       3.62 f
  D/A[31] (Data_Memory)                                   0.00       3.62 f
  D/U840/ZN (NOR4_X1)                                     0.09       3.71 r
  D/U796/ZN (NAND4_X1)                                    0.08       3.79 f
  D/U804/ZN (NOR2_X1)                                     0.09       3.88 r
  D/U877/Z (BUF_X1)                                       0.05       3.93 r
  D/U895/ZN (INV_X1)                                      0.04       3.97 f
  D/U894/Z (BUF_X1)                                       0.05       4.02 f
  D/U20/ZN (INV_X1)                                       0.07       4.09 r
  D/U556/ZN (OAI22_X1)                                    0.05       4.14 f
  D/Dmem_reg_5__11_/D (DFFR_X1)                           0.01       4.15 f
  data arrival time                                                  4.15

  clock clk (rise edge)                                   4.20       4.20
  clock network delay (ideal)                             0.00       4.20
  D/Dmem_reg_5__11_/CK (DFFR_X1)                          0.00       4.20 r
  library setup time                                     -0.04       4.16
  data required time                                                 4.16
  --------------------------------------------------------------------------
  data required time                                                 4.16
  data arrival time                                                 -4.15
  --------------------------------------------------------------------------
  slack (MET)                                                        0.01


  Startpoint: Instr[4] (input port clocked by clk)
  Endpoint: D/Dmem_reg_5__10_
            (rising edge-triggered flip-flop clocked by clk)
  Path Group: clk
  Path Type: max

  Des/Clust/Port     Wire Load Model       Library
  ------------------------------------------------
  RISC_v             5K_hvratio_1_1        NangateOpenCellLibrary_ss0p95vn40c

  Point                                                   Incr       Path
  --------------------------------------------------------------------------
  clock clk (rise edge)                                   0.00       0.00
  clock network delay (ideal)                             0.00       0.00
  input external delay                                    0.50       0.50 f
  Instr[4] (in)                                           0.01       0.51 f
  Controller/op[4] (Control_Unit)                         0.00       0.51 f
  Controller/M1/op[4] (Main_Decoder)                      0.00       0.51 f
  Controller/M1/U16/ZN (INV_X1)                           0.03       0.55 r
  Controller/M1/U18/ZN (AND2_X1)                          0.04       0.59 r
  Controller/M1/U17/ZN (NAND4_X1)                         0.05       0.63 f
  Controller/M1/U6/ZN (NOR3_X1)                           0.11       0.74 r
  Controller/M1/U23/ZN (OR2_X1)                           0.07       0.81 r
  Controller/M1/ImmSrc[0] (Main_Decoder)                  0.00       0.81 r
  Controller/ImmSrc[0] (Control_Unit)                     0.00       0.81 r
  EX/ImmSrc[0] (Immediate_extender)                       0.00       0.81 r
  EX/U29/ZN (INV_X1)                                      0.03       0.84 f
  EX/U36/Z (XOR2_X1)                                      0.08       0.92 f
  EX/U35/ZN (INV_X1)                                      0.05       0.96 r
  EX/U34/ZN (AOI22_X1)                                    0.04       1.00 f
  EX/U30/ZN (INV_X1)                                      0.03       1.03 r
  EX/immediate_extended[1] (Immediate_extender)           0.00       1.03 r
  select_operand/B[1] (mux32_width32_1)                   0.00       1.03 r
  select_operand/U68/ZN (AOI22_X1)                        0.03       1.07 f
  select_operand/U70/ZN (INV_X1)                          0.04       1.11 r
  select_operand/out[1] (mux32_width32_1)                 0.00       1.11 r
  AL/src_B[1] (ALU)                                       0.00       1.11 r
  AL/sub_12/B[1] (ALU_DW01_sub_0)                         0.00       1.11 r
  AL/sub_12/U125/ZN (INV_X1)                              0.03       1.14 f
  AL/sub_12/U2_1/CO (FA_X1)                               0.10       1.24 f
  AL/sub_12/U153/ZN (NAND2_X1)                            0.03       1.27 r
  AL/sub_12/U63/ZN (NAND3_X1)                             0.05       1.32 f
  AL/sub_12/U151/ZN (NAND2_X1)                            0.03       1.35 r
  AL/sub_12/U59/ZN (NAND3_X1)                             0.05       1.40 f
  AL/sub_12/U106/ZN (NAND2_X1)                            0.03       1.43 r
  AL/sub_12/U41/ZN (NAND3_X1)                             0.04       1.47 f
  AL/sub_12/U2_5/CO (FA_X1)                               0.09       1.56 f
  AL/sub_12/U169/ZN (NAND2_X1)                            0.04       1.59 r
  AL/sub_12/U167/ZN (NAND3_X1)                            0.05       1.64 f
  AL/sub_12/U124/ZN (NAND2_X1)                            0.04       1.68 r
  AL/sub_12/U122/ZN (NAND3_X1)                            0.03       1.71 f
  AL/sub_12/U93/ZN (NAND2_X1)                             0.03       1.74 r
  AL/sub_12/U44/ZN (NAND3_X1)                             0.04       1.78 f
  AL/sub_12/U2_9/CO (FA_X1)                               0.09       1.86 f
  AL/sub_12/U149/ZN (NAND2_X1)                            0.04       1.90 r
  AL/sub_12/U147/ZN (NAND3_X1)                            0.04       1.94 f
  AL/sub_12/U119/ZN (NAND2_X1)                            0.03       1.98 r
  AL/sub_12/U118/ZN (NAND3_X1)                            0.04       2.01 f
  AL/sub_12/U2_12/CO (FA_X1)                              0.09       2.10 f
  AL/sub_12/U164/ZN (NAND2_X1)                            0.03       2.13 r
  AL/sub_12/U47/ZN (NAND3_X1)                             0.04       2.17 f
  AL/sub_12/U2_14/CO (FA_X1)                              0.09       2.26 f
  AL/sub_12/U163/ZN (NAND2_X1)                            0.04       2.30 r
  AL/sub_12/U144/ZN (NAND3_X1)                            0.04       2.34 f
  AL/sub_12/U88/ZN (NAND2_X1)                             0.03       2.36 r
  AL/sub_12/U97/ZN (NAND3_X1)                             0.04       2.40 f
  AL/sub_12/U2_17/CO (FA_X1)                              0.09       2.49 f
  AL/sub_12/U161/ZN (NAND2_X1)                            0.04       2.52 r
  AL/sub_12/U143/ZN (NAND3_X1)                            0.05       2.57 f
  AL/sub_12/U117/ZN (NAND2_X1)                            0.03       2.60 r
  AL/sub_12/U52/ZN (NAND3_X1)                             0.03       2.63 f
  AL/sub_12/U2_20/CO (FA_X1)                              0.09       2.72 f
  AL/sub_12/U159/ZN (NAND2_X1)                            0.04       2.76 r
  AL/sub_12/U116/ZN (NAND3_X1)                            0.05       2.80 f
  AL/sub_12/U111/ZN (NAND2_X1)                            0.03       2.83 r
  AL/sub_12/U110/ZN (NAND3_X1)                            0.04       2.87 f
  AL/sub_12/U2_23/CO (FA_X1)                              0.09       2.96 f
  AL/sub_12/U157/ZN (NAND2_X1)                            0.04       3.00 r
  AL/sub_12/U140/ZN (NAND3_X1)                            0.04       3.04 f
  AL/sub_12/U105/ZN (NAND2_X1)                            0.03       3.06 r
  AL/sub_12/U57/ZN (NAND3_X1)                             0.04       3.10 f
  AL/sub_12/U2_26/CO (FA_X1)                              0.09       3.19 f
  AL/sub_12/U155/ZN (NAND2_X1)                            0.03       3.22 r
  AL/sub_12/U104/ZN (NAND3_X1)                            0.04       3.26 f
  AL/sub_12/U2_28/CO (FA_X1)                              0.09       3.34 f
  AL/sub_12/U136/ZN (NAND2_X1)                            0.04       3.38 r
  AL/sub_12/U131/ZN (NAND3_X1)                            0.04       3.42 f
  AL/sub_12/U99/ZN (NAND2_X1)                             0.03       3.45 r
  AL/sub_12/U4/ZN (NAND3_X1)                              0.03       3.48 f
  AL/sub_12/U1/Z (XOR2_X1)                                0.06       3.54 f
  AL/sub_12/DIFF[31] (ALU_DW01_sub_0)                     0.00       3.54 f
  AL/U216/ZN (INV_X1)                                     0.02       3.57 r
  AL/U229/ZN (OAI221_X1)                                  0.05       3.62 f
  AL/out[31] (ALU)                                        0.00       3.62 f
  D/A[31] (Data_Memory)                                   0.00       3.62 f
  D/U840/ZN (NOR4_X1)                                     0.09       3.71 r
  D/U796/ZN (NAND4_X1)                                    0.08       3.79 f
  D/U804/ZN (NOR2_X1)                                     0.09       3.88 r
  D/U877/Z (BUF_X1)                                       0.05       3.93 r
  D/U895/ZN (INV_X1)                                      0.04       3.97 f
  D/U894/Z (BUF_X1)                                       0.05       4.02 f
  D/U20/ZN (INV_X1)                                       0.07       4.09 r
  D/U555/ZN (OAI22_X1)                                    0.05       4.14 f
  D/Dmem_reg_5__10_/D (DFFR_X1)                           0.01       4.15 f
  data arrival time                                                  4.15

  clock clk (rise edge)                                   4.20       4.20
  clock network delay (ideal)                             0.00       4.20
  D/Dmem_reg_5__10_/CK (DFFR_X1)                          0.00       4.20 r
  library setup time                                     -0.04       4.16
  data required time                                                 4.16
  --------------------------------------------------------------------------
  data required time                                                 4.16
  data arrival time                                                 -4.15
  --------------------------------------------------------------------------
  slack (MET)                                                        0.01


  Startpoint: Instr[4] (input port clocked by clk)
  Endpoint: D/Dmem_reg_5__9_
            (rising edge-triggered flip-flop clocked by clk)
  Path Group: clk
  Path Type: max

  Des/Clust/Port     Wire Load Model       Library
  ------------------------------------------------
  RISC_v             5K_hvratio_1_1        NangateOpenCellLibrary_ss0p95vn40c

  Point                                                   Incr       Path
  --------------------------------------------------------------------------
  clock clk (rise edge)                                   0.00       0.00
  clock network delay (ideal)                             0.00       0.00
  input external delay                                    0.50       0.50 f
  Instr[4] (in)                                           0.01       0.51 f
  Controller/op[4] (Control_Unit)                         0.00       0.51 f
  Controller/M1/op[4] (Main_Decoder)                      0.00       0.51 f
  Controller/M1/U16/ZN (INV_X1)                           0.03       0.55 r
  Controller/M1/U18/ZN (AND2_X1)                          0.04       0.59 r
  Controller/M1/U17/ZN (NAND4_X1)                         0.05       0.63 f
  Controller/M1/U6/ZN (NOR3_X1)                           0.11       0.74 r
  Controller/M1/U23/ZN (OR2_X1)                           0.07       0.81 r
  Controller/M1/ImmSrc[0] (Main_Decoder)                  0.00       0.81 r
  Controller/ImmSrc[0] (Control_Unit)                     0.00       0.81 r
  EX/ImmSrc[0] (Immediate_extender)                       0.00       0.81 r
  EX/U29/ZN (INV_X1)                                      0.03       0.84 f
  EX/U36/Z (XOR2_X1)                                      0.08       0.92 f
  EX/U35/ZN (INV_X1)                                      0.05       0.96 r
  EX/U34/ZN (AOI22_X1)                                    0.04       1.00 f
  EX/U30/ZN (INV_X1)                                      0.03       1.03 r
  EX/immediate_extended[1] (Immediate_extender)           0.00       1.03 r
  select_operand/B[1] (mux32_width32_1)                   0.00       1.03 r
  select_operand/U68/ZN (AOI22_X1)                        0.03       1.07 f
  select_operand/U70/ZN (INV_X1)                          0.04       1.11 r
  select_operand/out[1] (mux32_width32_1)                 0.00       1.11 r
  AL/src_B[1] (ALU)                                       0.00       1.11 r
  AL/sub_12/B[1] (ALU_DW01_sub_0)                         0.00       1.11 r
  AL/sub_12/U125/ZN (INV_X1)                              0.03       1.14 f
  AL/sub_12/U2_1/CO (FA_X1)                               0.10       1.24 f
  AL/sub_12/U153/ZN (NAND2_X1)                            0.03       1.27 r
  AL/sub_12/U63/ZN (NAND3_X1)                             0.05       1.32 f
  AL/sub_12/U151/ZN (NAND2_X1)                            0.03       1.35 r
  AL/sub_12/U59/ZN (NAND3_X1)                             0.05       1.40 f
  AL/sub_12/U106/ZN (NAND2_X1)                            0.03       1.43 r
  AL/sub_12/U41/ZN (NAND3_X1)                             0.04       1.47 f
  AL/sub_12/U2_5/CO (FA_X1)                               0.09       1.56 f
  AL/sub_12/U169/ZN (NAND2_X1)                            0.04       1.59 r
  AL/sub_12/U167/ZN (NAND3_X1)                            0.05       1.64 f
  AL/sub_12/U124/ZN (NAND2_X1)                            0.04       1.68 r
  AL/sub_12/U122/ZN (NAND3_X1)                            0.03       1.71 f
  AL/sub_12/U93/ZN (NAND2_X1)                             0.03       1.74 r
  AL/sub_12/U44/ZN (NAND3_X1)                             0.04       1.78 f
  AL/sub_12/U2_9/CO (FA_X1)                               0.09       1.86 f
  AL/sub_12/U149/ZN (NAND2_X1)                            0.04       1.90 r
  AL/sub_12/U147/ZN (NAND3_X1)                            0.04       1.94 f
  AL/sub_12/U119/ZN (NAND2_X1)                            0.03       1.98 r
  AL/sub_12/U118/ZN (NAND3_X1)                            0.04       2.01 f
  AL/sub_12/U2_12/CO (FA_X1)                              0.09       2.10 f
  AL/sub_12/U164/ZN (NAND2_X1)                            0.03       2.13 r
  AL/sub_12/U47/ZN (NAND3_X1)                             0.04       2.17 f
  AL/sub_12/U2_14/CO (FA_X1)                              0.09       2.26 f
  AL/sub_12/U163/ZN (NAND2_X1)                            0.04       2.30 r
  AL/sub_12/U144/ZN (NAND3_X1)                            0.04       2.34 f
  AL/sub_12/U88/ZN (NAND2_X1)                             0.03       2.36 r
  AL/sub_12/U97/ZN (NAND3_X1)                             0.04       2.40 f
  AL/sub_12/U2_17/CO (FA_X1)                              0.09       2.49 f
  AL/sub_12/U161/ZN (NAND2_X1)                            0.04       2.52 r
  AL/sub_12/U143/ZN (NAND3_X1)                            0.05       2.57 f
  AL/sub_12/U117/ZN (NAND2_X1)                            0.03       2.60 r
  AL/sub_12/U52/ZN (NAND3_X1)                             0.03       2.63 f
  AL/sub_12/U2_20/CO (FA_X1)                              0.09       2.72 f
  AL/sub_12/U159/ZN (NAND2_X1)                            0.04       2.76 r
  AL/sub_12/U116/ZN (NAND3_X1)                            0.05       2.80 f
  AL/sub_12/U111/ZN (NAND2_X1)                            0.03       2.83 r
  AL/sub_12/U110/ZN (NAND3_X1)                            0.04       2.87 f
  AL/sub_12/U2_23/CO (FA_X1)                              0.09       2.96 f
  AL/sub_12/U157/ZN (NAND2_X1)                            0.04       3.00 r
  AL/sub_12/U140/ZN (NAND3_X1)                            0.04       3.04 f
  AL/sub_12/U105/ZN (NAND2_X1)                            0.03       3.06 r
  AL/sub_12/U57/ZN (NAND3_X1)                             0.04       3.10 f
  AL/sub_12/U2_26/CO (FA_X1)                              0.09       3.19 f
  AL/sub_12/U155/ZN (NAND2_X1)                            0.03       3.22 r
  AL/sub_12/U104/ZN (NAND3_X1)                            0.04       3.26 f
  AL/sub_12/U2_28/CO (FA_X1)                              0.09       3.34 f
  AL/sub_12/U136/ZN (NAND2_X1)                            0.04       3.38 r
  AL/sub_12/U131/ZN (NAND3_X1)                            0.04       3.42 f
  AL/sub_12/U99/ZN (NAND2_X1)                             0.03       3.45 r
  AL/sub_12/U4/ZN (NAND3_X1)                              0.03       3.48 f
  AL/sub_12/U1/Z (XOR2_X1)                                0.06       3.54 f
  AL/sub_12/DIFF[31] (ALU_DW01_sub_0)                     0.00       3.54 f
  AL/U216/ZN (INV_X1)                                     0.02       3.57 r
  AL/U229/ZN (OAI221_X1)                                  0.05       3.62 f
  AL/out[31] (ALU)                                        0.00       3.62 f
  D/A[31] (Data_Memory)                                   0.00       3.62 f
  D/U840/ZN (NOR4_X1)                                     0.09       3.71 r
  D/U796/ZN (NAND4_X1)                                    0.08       3.79 f
  D/U804/ZN (NOR2_X1)                                     0.09       3.88 r
  D/U877/Z (BUF_X1)                                       0.05       3.93 r
  D/U895/ZN (INV_X1)                                      0.04       3.97 f
  D/U894/Z (BUF_X1)                                       0.05       4.02 f
  D/U20/ZN (INV_X1)                                       0.07       4.09 r
  D/U554/ZN (OAI22_X1)                                    0.05       4.14 f
  D/Dmem_reg_5__9_/D (DFFR_X1)                            0.01       4.15 f
  data arrival time                                                  4.15

  clock clk (rise edge)                                   4.20       4.20
  clock network delay (ideal)                             0.00       4.20
  D/Dmem_reg_5__9_/CK (DFFR_X1)                           0.00       4.20 r
  library setup time                                     -0.04       4.16
  data required time                                                 4.16
  --------------------------------------------------------------------------
  data required time                                                 4.16
  data arrival time                                                 -4.15
  --------------------------------------------------------------------------
  slack (MET)                                                        0.01


  Startpoint: Instr[4] (input port clocked by clk)
  Endpoint: D/Dmem_reg_5__8_
            (rising edge-triggered flip-flop clocked by clk)
  Path Group: clk
  Path Type: max

  Des/Clust/Port     Wire Load Model       Library
  ------------------------------------------------
  RISC_v             5K_hvratio_1_1        NangateOpenCellLibrary_ss0p95vn40c

  Point                                                   Incr       Path
  --------------------------------------------------------------------------
  clock clk (rise edge)                                   0.00       0.00
  clock network delay (ideal)                             0.00       0.00
  input external delay                                    0.50       0.50 f
  Instr[4] (in)                                           0.01       0.51 f
  Controller/op[4] (Control_Unit)                         0.00       0.51 f
  Controller/M1/op[4] (Main_Decoder)                      0.00       0.51 f
  Controller/M1/U16/ZN (INV_X1)                           0.03       0.55 r
  Controller/M1/U18/ZN (AND2_X1)                          0.04       0.59 r
  Controller/M1/U17/ZN (NAND4_X1)                         0.05       0.63 f
  Controller/M1/U6/ZN (NOR3_X1)                           0.11       0.74 r
  Controller/M1/U23/ZN (OR2_X1)                           0.07       0.81 r
  Controller/M1/ImmSrc[0] (Main_Decoder)                  0.00       0.81 r
  Controller/ImmSrc[0] (Control_Unit)                     0.00       0.81 r
  EX/ImmSrc[0] (Immediate_extender)                       0.00       0.81 r
  EX/U29/ZN (INV_X1)                                      0.03       0.84 f
  EX/U36/Z (XOR2_X1)                                      0.08       0.92 f
  EX/U35/ZN (INV_X1)                                      0.05       0.96 r
  EX/U34/ZN (AOI22_X1)                                    0.04       1.00 f
  EX/U30/ZN (INV_X1)                                      0.03       1.03 r
  EX/immediate_extended[1] (Immediate_extender)           0.00       1.03 r
  select_operand/B[1] (mux32_width32_1)                   0.00       1.03 r
  select_operand/U68/ZN (AOI22_X1)                        0.03       1.07 f
  select_operand/U70/ZN (INV_X1)                          0.04       1.11 r
  select_operand/out[1] (mux32_width32_1)                 0.00       1.11 r
  AL/src_B[1] (ALU)                                       0.00       1.11 r
  AL/sub_12/B[1] (ALU_DW01_sub_0)                         0.00       1.11 r
  AL/sub_12/U125/ZN (INV_X1)                              0.03       1.14 f
  AL/sub_12/U2_1/CO (FA_X1)                               0.10       1.24 f
  AL/sub_12/U153/ZN (NAND2_X1)                            0.03       1.27 r
  AL/sub_12/U63/ZN (NAND3_X1)                             0.05       1.32 f
  AL/sub_12/U151/ZN (NAND2_X1)                            0.03       1.35 r
  AL/sub_12/U59/ZN (NAND3_X1)                             0.05       1.40 f
  AL/sub_12/U106/ZN (NAND2_X1)                            0.03       1.43 r
  AL/sub_12/U41/ZN (NAND3_X1)                             0.04       1.47 f
  AL/sub_12/U2_5/CO (FA_X1)                               0.09       1.56 f
  AL/sub_12/U169/ZN (NAND2_X1)                            0.04       1.59 r
  AL/sub_12/U167/ZN (NAND3_X1)                            0.05       1.64 f
  AL/sub_12/U124/ZN (NAND2_X1)                            0.04       1.68 r
  AL/sub_12/U122/ZN (NAND3_X1)                            0.03       1.71 f
  AL/sub_12/U93/ZN (NAND2_X1)                             0.03       1.74 r
  AL/sub_12/U44/ZN (NAND3_X1)                             0.04       1.78 f
  AL/sub_12/U2_9/CO (FA_X1)                               0.09       1.86 f
  AL/sub_12/U149/ZN (NAND2_X1)                            0.04       1.90 r
  AL/sub_12/U147/ZN (NAND3_X1)                            0.04       1.94 f
  AL/sub_12/U119/ZN (NAND2_X1)                            0.03       1.98 r
  AL/sub_12/U118/ZN (NAND3_X1)                            0.04       2.01 f
  AL/sub_12/U2_12/CO (FA_X1)                              0.09       2.10 f
  AL/sub_12/U164/ZN (NAND2_X1)                            0.03       2.13 r
  AL/sub_12/U47/ZN (NAND3_X1)                             0.04       2.17 f
  AL/sub_12/U2_14/CO (FA_X1)                              0.09       2.26 f
  AL/sub_12/U163/ZN (NAND2_X1)                            0.04       2.30 r
  AL/sub_12/U144/ZN (NAND3_X1)                            0.04       2.34 f
  AL/sub_12/U88/ZN (NAND2_X1)                             0.03       2.36 r
  AL/sub_12/U97/ZN (NAND3_X1)                             0.04       2.40 f
  AL/sub_12/U2_17/CO (FA_X1)                              0.09       2.49 f
  AL/sub_12/U161/ZN (NAND2_X1)                            0.04       2.52 r
  AL/sub_12/U143/ZN (NAND3_X1)                            0.05       2.57 f
  AL/sub_12/U117/ZN (NAND2_X1)                            0.03       2.60 r
  AL/sub_12/U52/ZN (NAND3_X1)                             0.03       2.63 f
  AL/sub_12/U2_20/CO (FA_X1)                              0.09       2.72 f
  AL/sub_12/U159/ZN (NAND2_X1)                            0.04       2.76 r
  AL/sub_12/U116/ZN (NAND3_X1)                            0.05       2.80 f
  AL/sub_12/U111/ZN (NAND2_X1)                            0.03       2.83 r
  AL/sub_12/U110/ZN (NAND3_X1)                            0.04       2.87 f
  AL/sub_12/U2_23/CO (FA_X1)                              0.09       2.96 f
  AL/sub_12/U157/ZN (NAND2_X1)                            0.04       3.00 r
  AL/sub_12/U140/ZN (NAND3_X1)                            0.04       3.04 f
  AL/sub_12/U105/ZN (NAND2_X1)                            0.03       3.06 r
  AL/sub_12/U57/ZN (NAND3_X1)                             0.04       3.10 f
  AL/sub_12/U2_26/CO (FA_X1)                              0.09       3.19 f
  AL/sub_12/U155/ZN (NAND2_X1)                            0.03       3.22 r
  AL/sub_12/U104/ZN (NAND3_X1)                            0.04       3.26 f
  AL/sub_12/U2_28/CO (FA_X1)                              0.09       3.34 f
  AL/sub_12/U136/ZN (NAND2_X1)                            0.04       3.38 r
  AL/sub_12/U131/ZN (NAND3_X1)                            0.04       3.42 f
  AL/sub_12/U99/ZN (NAND2_X1)                             0.03       3.45 r
  AL/sub_12/U4/ZN (NAND3_X1)                              0.03       3.48 f
  AL/sub_12/U1/Z (XOR2_X1)                                0.06       3.54 f
  AL/sub_12/DIFF[31] (ALU_DW01_sub_0)                     0.00       3.54 f
  AL/U216/ZN (INV_X1)                                     0.02       3.57 r
  AL/U229/ZN (OAI221_X1)                                  0.05       3.62 f
  AL/out[31] (ALU)                                        0.00       3.62 f
  D/A[31] (Data_Memory)                                   0.00       3.62 f
  D/U840/ZN (NOR4_X1)                                     0.09       3.71 r
  D/U796/ZN (NAND4_X1)                                    0.08       3.79 f
  D/U804/ZN (NOR2_X1)                                     0.09       3.88 r
  D/U877/Z (BUF_X1)                                       0.05       3.93 r
  D/U895/ZN (INV_X1)                                      0.04       3.97 f
  D/U894/Z (BUF_X1)                                       0.05       4.02 f
  D/U20/ZN (INV_X1)                                       0.07       4.09 r
  D/U553/ZN (OAI22_X1)                                    0.05       4.14 f
  D/Dmem_reg_5__8_/D (DFFR_X1)                            0.01       4.15 f
  data arrival time                                                  4.15

  clock clk (rise edge)                                   4.20       4.20
  clock network delay (ideal)                             0.00       4.20
  D/Dmem_reg_5__8_/CK (DFFR_X1)                           0.00       4.20 r
  library setup time                                     -0.04       4.16
  data required time                                                 4.16
  --------------------------------------------------------------------------
  data required time                                                 4.16
  data arrival time                                                 -4.15
  --------------------------------------------------------------------------
  slack (MET)                                                        0.01


  Startpoint: Instr[4] (input port clocked by clk)
  Endpoint: D/Dmem_reg_5__7_
            (rising edge-triggered flip-flop clocked by clk)
  Path Group: clk
  Path Type: max

  Des/Clust/Port     Wire Load Model       Library
  ------------------------------------------------
  RISC_v             5K_hvratio_1_1        NangateOpenCellLibrary_ss0p95vn40c

  Point                                                   Incr       Path
  --------------------------------------------------------------------------
  clock clk (rise edge)                                   0.00       0.00
  clock network delay (ideal)                             0.00       0.00
  input external delay                                    0.50       0.50 f
  Instr[4] (in)                                           0.01       0.51 f
  Controller/op[4] (Control_Unit)                         0.00       0.51 f
  Controller/M1/op[4] (Main_Decoder)                      0.00       0.51 f
  Controller/M1/U16/ZN (INV_X1)                           0.03       0.55 r
  Controller/M1/U18/ZN (AND2_X1)                          0.04       0.59 r
  Controller/M1/U17/ZN (NAND4_X1)                         0.05       0.63 f
  Controller/M1/U6/ZN (NOR3_X1)                           0.11       0.74 r
  Controller/M1/U23/ZN (OR2_X1)                           0.07       0.81 r
  Controller/M1/ImmSrc[0] (Main_Decoder)                  0.00       0.81 r
  Controller/ImmSrc[0] (Control_Unit)                     0.00       0.81 r
  EX/ImmSrc[0] (Immediate_extender)                       0.00       0.81 r
  EX/U29/ZN (INV_X1)                                      0.03       0.84 f
  EX/U36/Z (XOR2_X1)                                      0.08       0.92 f
  EX/U35/ZN (INV_X1)                                      0.05       0.96 r
  EX/U34/ZN (AOI22_X1)                                    0.04       1.00 f
  EX/U30/ZN (INV_X1)                                      0.03       1.03 r
  EX/immediate_extended[1] (Immediate_extender)           0.00       1.03 r
  select_operand/B[1] (mux32_width32_1)                   0.00       1.03 r
  select_operand/U68/ZN (AOI22_X1)                        0.03       1.07 f
  select_operand/U70/ZN (INV_X1)                          0.04       1.11 r
  select_operand/out[1] (mux32_width32_1)                 0.00       1.11 r
  AL/src_B[1] (ALU)                                       0.00       1.11 r
  AL/sub_12/B[1] (ALU_DW01_sub_0)                         0.00       1.11 r
  AL/sub_12/U125/ZN (INV_X1)                              0.03       1.14 f
  AL/sub_12/U2_1/CO (FA_X1)                               0.10       1.24 f
  AL/sub_12/U153/ZN (NAND2_X1)                            0.03       1.27 r
  AL/sub_12/U63/ZN (NAND3_X1)                             0.05       1.32 f
  AL/sub_12/U151/ZN (NAND2_X1)                            0.03       1.35 r
  AL/sub_12/U59/ZN (NAND3_X1)                             0.05       1.40 f
  AL/sub_12/U106/ZN (NAND2_X1)                            0.03       1.43 r
  AL/sub_12/U41/ZN (NAND3_X1)                             0.04       1.47 f
  AL/sub_12/U2_5/CO (FA_X1)                               0.09       1.56 f
  AL/sub_12/U169/ZN (NAND2_X1)                            0.04       1.59 r
  AL/sub_12/U167/ZN (NAND3_X1)                            0.05       1.64 f
  AL/sub_12/U124/ZN (NAND2_X1)                            0.04       1.68 r
  AL/sub_12/U122/ZN (NAND3_X1)                            0.03       1.71 f
  AL/sub_12/U93/ZN (NAND2_X1)                             0.03       1.74 r
  AL/sub_12/U44/ZN (NAND3_X1)                             0.04       1.78 f
  AL/sub_12/U2_9/CO (FA_X1)                               0.09       1.86 f
  AL/sub_12/U149/ZN (NAND2_X1)                            0.04       1.90 r
  AL/sub_12/U147/ZN (NAND3_X1)                            0.04       1.94 f
  AL/sub_12/U119/ZN (NAND2_X1)                            0.03       1.98 r
  AL/sub_12/U118/ZN (NAND3_X1)                            0.04       2.01 f
  AL/sub_12/U2_12/CO (FA_X1)                              0.09       2.10 f
  AL/sub_12/U164/ZN (NAND2_X1)                            0.03       2.13 r
  AL/sub_12/U47/ZN (NAND3_X1)                             0.04       2.17 f
  AL/sub_12/U2_14/CO (FA_X1)                              0.09       2.26 f
  AL/sub_12/U163/ZN (NAND2_X1)                            0.04       2.30 r
  AL/sub_12/U144/ZN (NAND3_X1)                            0.04       2.34 f
  AL/sub_12/U88/ZN (NAND2_X1)                             0.03       2.36 r
  AL/sub_12/U97/ZN (NAND3_X1)                             0.04       2.40 f
  AL/sub_12/U2_17/CO (FA_X1)                              0.09       2.49 f
  AL/sub_12/U161/ZN (NAND2_X1)                            0.04       2.52 r
  AL/sub_12/U143/ZN (NAND3_X1)                            0.05       2.57 f
  AL/sub_12/U117/ZN (NAND2_X1)                            0.03       2.60 r
  AL/sub_12/U52/ZN (NAND3_X1)                             0.03       2.63 f
  AL/sub_12/U2_20/CO (FA_X1)                              0.09       2.72 f
  AL/sub_12/U159/ZN (NAND2_X1)                            0.04       2.76 r
  AL/sub_12/U116/ZN (NAND3_X1)                            0.05       2.80 f
  AL/sub_12/U111/ZN (NAND2_X1)                            0.03       2.83 r
  AL/sub_12/U110/ZN (NAND3_X1)                            0.04       2.87 f
  AL/sub_12/U2_23/CO (FA_X1)                              0.09       2.96 f
  AL/sub_12/U157/ZN (NAND2_X1)                            0.04       3.00 r
  AL/sub_12/U140/ZN (NAND3_X1)                            0.04       3.04 f
  AL/sub_12/U105/ZN (NAND2_X1)                            0.03       3.06 r
  AL/sub_12/U57/ZN (NAND3_X1)                             0.04       3.10 f
  AL/sub_12/U2_26/CO (FA_X1)                              0.09       3.19 f
  AL/sub_12/U155/ZN (NAND2_X1)                            0.03       3.22 r
  AL/sub_12/U104/ZN (NAND3_X1)                            0.04       3.26 f
  AL/sub_12/U2_28/CO (FA_X1)                              0.09       3.34 f
  AL/sub_12/U136/ZN (NAND2_X1)                            0.04       3.38 r
  AL/sub_12/U131/ZN (NAND3_X1)                            0.04       3.42 f
  AL/sub_12/U99/ZN (NAND2_X1)                             0.03       3.45 r
  AL/sub_12/U4/ZN (NAND3_X1)                              0.03       3.48 f
  AL/sub_12/U1/Z (XOR2_X1)                                0.06       3.54 f
  AL/sub_12/DIFF[31] (ALU_DW01_sub_0)                     0.00       3.54 f
  AL/U216/ZN (INV_X1)                                     0.02       3.57 r
  AL/U229/ZN (OAI221_X1)                                  0.05       3.62 f
  AL/out[31] (ALU)                                        0.00       3.62 f
  D/A[31] (Data_Memory)                                   0.00       3.62 f
  D/U840/ZN (NOR4_X1)                                     0.09       3.71 r
  D/U796/ZN (NAND4_X1)                                    0.08       3.79 f
  D/U804/ZN (NOR2_X1)                                     0.09       3.88 r
  D/U877/Z (BUF_X1)                                       0.05       3.93 r
  D/U895/ZN (INV_X1)                                      0.04       3.97 f
  D/U894/Z (BUF_X1)                                       0.05       4.02 f
  D/U20/ZN (INV_X1)                                       0.07       4.09 r
  D/U552/ZN (OAI22_X1)                                    0.05       4.14 f
  D/Dmem_reg_5__7_/D (DFFR_X1)                            0.01       4.15 f
  data arrival time                                                  4.15

  clock clk (rise edge)                                   4.20       4.20
  clock network delay (ideal)                             0.00       4.20
  D/Dmem_reg_5__7_/CK (DFFR_X1)                           0.00       4.20 r
  library setup time                                     -0.04       4.16
  data required time                                                 4.16
  --------------------------------------------------------------------------
  data required time                                                 4.16
  data arrival time                                                 -4.15
  --------------------------------------------------------------------------
  slack (MET)                                                        0.01


  Startpoint: Instr[4] (input port clocked by clk)
  Endpoint: D/Dmem_reg_5__6_
            (rising edge-triggered flip-flop clocked by clk)
  Path Group: clk
  Path Type: max

  Des/Clust/Port     Wire Load Model       Library
  ------------------------------------------------
  RISC_v             5K_hvratio_1_1        NangateOpenCellLibrary_ss0p95vn40c

  Point                                                   Incr       Path
  --------------------------------------------------------------------------
  clock clk (rise edge)                                   0.00       0.00
  clock network delay (ideal)                             0.00       0.00
  input external delay                                    0.50       0.50 f
  Instr[4] (in)                                           0.01       0.51 f
  Controller/op[4] (Control_Unit)                         0.00       0.51 f
  Controller/M1/op[4] (Main_Decoder)                      0.00       0.51 f
  Controller/M1/U16/ZN (INV_X1)                           0.03       0.55 r
  Controller/M1/U18/ZN (AND2_X1)                          0.04       0.59 r
  Controller/M1/U17/ZN (NAND4_X1)                         0.05       0.63 f
  Controller/M1/U6/ZN (NOR3_X1)                           0.11       0.74 r
  Controller/M1/U23/ZN (OR2_X1)                           0.07       0.81 r
  Controller/M1/ImmSrc[0] (Main_Decoder)                  0.00       0.81 r
  Controller/ImmSrc[0] (Control_Unit)                     0.00       0.81 r
  EX/ImmSrc[0] (Immediate_extender)                       0.00       0.81 r
  EX/U29/ZN (INV_X1)                                      0.03       0.84 f
  EX/U36/Z (XOR2_X1)                                      0.08       0.92 f
  EX/U35/ZN (INV_X1)                                      0.05       0.96 r
  EX/U34/ZN (AOI22_X1)                                    0.04       1.00 f
  EX/U30/ZN (INV_X1)                                      0.03       1.03 r
  EX/immediate_extended[1] (Immediate_extender)           0.00       1.03 r
  select_operand/B[1] (mux32_width32_1)                   0.00       1.03 r
  select_operand/U68/ZN (AOI22_X1)                        0.03       1.07 f
  select_operand/U70/ZN (INV_X1)                          0.04       1.11 r
  select_operand/out[1] (mux32_width32_1)                 0.00       1.11 r
  AL/src_B[1] (ALU)                                       0.00       1.11 r
  AL/sub_12/B[1] (ALU_DW01_sub_0)                         0.00       1.11 r
  AL/sub_12/U125/ZN (INV_X1)                              0.03       1.14 f
  AL/sub_12/U2_1/CO (FA_X1)                               0.10       1.24 f
  AL/sub_12/U153/ZN (NAND2_X1)                            0.03       1.27 r
  AL/sub_12/U63/ZN (NAND3_X1)                             0.05       1.32 f
  AL/sub_12/U151/ZN (NAND2_X1)                            0.03       1.35 r
  AL/sub_12/U59/ZN (NAND3_X1)                             0.05       1.40 f
  AL/sub_12/U106/ZN (NAND2_X1)                            0.03       1.43 r
  AL/sub_12/U41/ZN (NAND3_X1)                             0.04       1.47 f
  AL/sub_12/U2_5/CO (FA_X1)                               0.09       1.56 f
  AL/sub_12/U169/ZN (NAND2_X1)                            0.04       1.59 r
  AL/sub_12/U167/ZN (NAND3_X1)                            0.05       1.64 f
  AL/sub_12/U124/ZN (NAND2_X1)                            0.04       1.68 r
  AL/sub_12/U122/ZN (NAND3_X1)                            0.03       1.71 f
  AL/sub_12/U93/ZN (NAND2_X1)                             0.03       1.74 r
  AL/sub_12/U44/ZN (NAND3_X1)                             0.04       1.78 f
  AL/sub_12/U2_9/CO (FA_X1)                               0.09       1.86 f
  AL/sub_12/U149/ZN (NAND2_X1)                            0.04       1.90 r
  AL/sub_12/U147/ZN (NAND3_X1)                            0.04       1.94 f
  AL/sub_12/U119/ZN (NAND2_X1)                            0.03       1.98 r
  AL/sub_12/U118/ZN (NAND3_X1)                            0.04       2.01 f
  AL/sub_12/U2_12/CO (FA_X1)                              0.09       2.10 f
  AL/sub_12/U164/ZN (NAND2_X1)                            0.03       2.13 r
  AL/sub_12/U47/ZN (NAND3_X1)                             0.04       2.17 f
  AL/sub_12/U2_14/CO (FA_X1)                              0.09       2.26 f
  AL/sub_12/U163/ZN (NAND2_X1)                            0.04       2.30 r
  AL/sub_12/U144/ZN (NAND3_X1)                            0.04       2.34 f
  AL/sub_12/U88/ZN (NAND2_X1)                             0.03       2.36 r
  AL/sub_12/U97/ZN (NAND3_X1)                             0.04       2.40 f
  AL/sub_12/U2_17/CO (FA_X1)                              0.09       2.49 f
  AL/sub_12/U161/ZN (NAND2_X1)                            0.04       2.52 r
  AL/sub_12/U143/ZN (NAND3_X1)                            0.05       2.57 f
  AL/sub_12/U117/ZN (NAND2_X1)                            0.03       2.60 r
  AL/sub_12/U52/ZN (NAND3_X1)                             0.03       2.63 f
  AL/sub_12/U2_20/CO (FA_X1)                              0.09       2.72 f
  AL/sub_12/U159/ZN (NAND2_X1)                            0.04       2.76 r
  AL/sub_12/U116/ZN (NAND3_X1)                            0.05       2.80 f
  AL/sub_12/U111/ZN (NAND2_X1)                            0.03       2.83 r
  AL/sub_12/U110/ZN (NAND3_X1)                            0.04       2.87 f
  AL/sub_12/U2_23/CO (FA_X1)                              0.09       2.96 f
  AL/sub_12/U157/ZN (NAND2_X1)                            0.04       3.00 r
  AL/sub_12/U140/ZN (NAND3_X1)                            0.04       3.04 f
  AL/sub_12/U105/ZN (NAND2_X1)                            0.03       3.06 r
  AL/sub_12/U57/ZN (NAND3_X1)                             0.04       3.10 f
  AL/sub_12/U2_26/CO (FA_X1)                              0.09       3.19 f
  AL/sub_12/U155/ZN (NAND2_X1)                            0.03       3.22 r
  AL/sub_12/U104/ZN (NAND3_X1)                            0.04       3.26 f
  AL/sub_12/U2_28/CO (FA_X1)                              0.09       3.34 f
  AL/sub_12/U136/ZN (NAND2_X1)                            0.04       3.38 r
  AL/sub_12/U131/ZN (NAND3_X1)                            0.04       3.42 f
  AL/sub_12/U99/ZN (NAND2_X1)                             0.03       3.45 r
  AL/sub_12/U4/ZN (NAND3_X1)                              0.03       3.48 f
  AL/sub_12/U1/Z (XOR2_X1)                                0.06       3.54 f
  AL/sub_12/DIFF[31] (ALU_DW01_sub_0)                     0.00       3.54 f
  AL/U216/ZN (INV_X1)                                     0.02       3.57 r
  AL/U229/ZN (OAI221_X1)                                  0.05       3.62 f
  AL/out[31] (ALU)                                        0.00       3.62 f
  D/A[31] (Data_Memory)                                   0.00       3.62 f
  D/U840/ZN (NOR4_X1)                                     0.09       3.71 r
  D/U796/ZN (NAND4_X1)                                    0.08       3.79 f
  D/U804/ZN (NOR2_X1)                                     0.09       3.88 r
  D/U877/Z (BUF_X1)                                       0.05       3.93 r
  D/U895/ZN (INV_X1)                                      0.04       3.97 f
  D/U894/Z (BUF_X1)                                       0.05       4.02 f
  D/U20/ZN (INV_X1)                                       0.07       4.09 r
  D/U551/ZN (OAI22_X1)                                    0.05       4.14 f
  D/Dmem_reg_5__6_/D (DFFR_X1)                            0.01       4.15 f
  data arrival time                                                  4.15

  clock clk (rise edge)                                   4.20       4.20
  clock network delay (ideal)                             0.00       4.20
  D/Dmem_reg_5__6_/CK (DFFR_X1)                           0.00       4.20 r
  library setup time                                     -0.04       4.16
  data required time                                                 4.16
  --------------------------------------------------------------------------
  data required time                                                 4.16
  data arrival time                                                 -4.15
  --------------------------------------------------------------------------
  slack (MET)                                                        0.01


  Startpoint: Instr[4] (input port clocked by clk)
  Endpoint: D/Dmem_reg_5__5_
            (rising edge-triggered flip-flop clocked by clk)
  Path Group: clk
  Path Type: max

  Des/Clust/Port     Wire Load Model       Library
  ------------------------------------------------
  RISC_v             5K_hvratio_1_1        NangateOpenCellLibrary_ss0p95vn40c

  Point                                                   Incr       Path
  --------------------------------------------------------------------------
  clock clk (rise edge)                                   0.00       0.00
  clock network delay (ideal)                             0.00       0.00
  input external delay                                    0.50       0.50 f
  Instr[4] (in)                                           0.01       0.51 f
  Controller/op[4] (Control_Unit)                         0.00       0.51 f
  Controller/M1/op[4] (Main_Decoder)                      0.00       0.51 f
  Controller/M1/U16/ZN (INV_X1)                           0.03       0.55 r
  Controller/M1/U18/ZN (AND2_X1)                          0.04       0.59 r
  Controller/M1/U17/ZN (NAND4_X1)                         0.05       0.63 f
  Controller/M1/U6/ZN (NOR3_X1)                           0.11       0.74 r
  Controller/M1/U23/ZN (OR2_X1)                           0.07       0.81 r
  Controller/M1/ImmSrc[0] (Main_Decoder)                  0.00       0.81 r
  Controller/ImmSrc[0] (Control_Unit)                     0.00       0.81 r
  EX/ImmSrc[0] (Immediate_extender)                       0.00       0.81 r
  EX/U29/ZN (INV_X1)                                      0.03       0.84 f
  EX/U36/Z (XOR2_X1)                                      0.08       0.92 f
  EX/U35/ZN (INV_X1)                                      0.05       0.96 r
  EX/U34/ZN (AOI22_X1)                                    0.04       1.00 f
  EX/U30/ZN (INV_X1)                                      0.03       1.03 r
  EX/immediate_extended[1] (Immediate_extender)           0.00       1.03 r
  select_operand/B[1] (mux32_width32_1)                   0.00       1.03 r
  select_operand/U68/ZN (AOI22_X1)                        0.03       1.07 f
  select_operand/U70/ZN (INV_X1)                          0.04       1.11 r
  select_operand/out[1] (mux32_width32_1)                 0.00       1.11 r
  AL/src_B[1] (ALU)                                       0.00       1.11 r
  AL/sub_12/B[1] (ALU_DW01_sub_0)                         0.00       1.11 r
  AL/sub_12/U125/ZN (INV_X1)                              0.03       1.14 f
  AL/sub_12/U2_1/CO (FA_X1)                               0.10       1.24 f
  AL/sub_12/U153/ZN (NAND2_X1)                            0.03       1.27 r
  AL/sub_12/U63/ZN (NAND3_X1)                             0.05       1.32 f
  AL/sub_12/U151/ZN (NAND2_X1)                            0.03       1.35 r
  AL/sub_12/U59/ZN (NAND3_X1)                             0.05       1.40 f
  AL/sub_12/U106/ZN (NAND2_X1)                            0.03       1.43 r
  AL/sub_12/U41/ZN (NAND3_X1)                             0.04       1.47 f
  AL/sub_12/U2_5/CO (FA_X1)                               0.09       1.56 f
  AL/sub_12/U169/ZN (NAND2_X1)                            0.04       1.59 r
  AL/sub_12/U167/ZN (NAND3_X1)                            0.05       1.64 f
  AL/sub_12/U124/ZN (NAND2_X1)                            0.04       1.68 r
  AL/sub_12/U122/ZN (NAND3_X1)                            0.03       1.71 f
  AL/sub_12/U93/ZN (NAND2_X1)                             0.03       1.74 r
  AL/sub_12/U44/ZN (NAND3_X1)                             0.04       1.78 f
  AL/sub_12/U2_9/CO (FA_X1)                               0.09       1.86 f
  AL/sub_12/U149/ZN (NAND2_X1)                            0.04       1.90 r
  AL/sub_12/U147/ZN (NAND3_X1)                            0.04       1.94 f
  AL/sub_12/U119/ZN (NAND2_X1)                            0.03       1.98 r
  AL/sub_12/U118/ZN (NAND3_X1)                            0.04       2.01 f
  AL/sub_12/U2_12/CO (FA_X1)                              0.09       2.10 f
  AL/sub_12/U164/ZN (NAND2_X1)                            0.03       2.13 r
  AL/sub_12/U47/ZN (NAND3_X1)                             0.04       2.17 f
  AL/sub_12/U2_14/CO (FA_X1)                              0.09       2.26 f
  AL/sub_12/U163/ZN (NAND2_X1)                            0.04       2.30 r
  AL/sub_12/U144/ZN (NAND3_X1)                            0.04       2.34 f
  AL/sub_12/U88/ZN (NAND2_X1)                             0.03       2.36 r
  AL/sub_12/U97/ZN (NAND3_X1)                             0.04       2.40 f
  AL/sub_12/U2_17/CO (FA_X1)                              0.09       2.49 f
  AL/sub_12/U161/ZN (NAND2_X1)                            0.04       2.52 r
  AL/sub_12/U143/ZN (NAND3_X1)                            0.05       2.57 f
  AL/sub_12/U117/ZN (NAND2_X1)                            0.03       2.60 r
  AL/sub_12/U52/ZN (NAND3_X1)                             0.03       2.63 f
  AL/sub_12/U2_20/CO (FA_X1)                              0.09       2.72 f
  AL/sub_12/U159/ZN (NAND2_X1)                            0.04       2.76 r
  AL/sub_12/U116/ZN (NAND3_X1)                            0.05       2.80 f
  AL/sub_12/U111/ZN (NAND2_X1)                            0.03       2.83 r
  AL/sub_12/U110/ZN (NAND3_X1)                            0.04       2.87 f
  AL/sub_12/U2_23/CO (FA_X1)                              0.09       2.96 f
  AL/sub_12/U157/ZN (NAND2_X1)                            0.04       3.00 r
  AL/sub_12/U140/ZN (NAND3_X1)                            0.04       3.04 f
  AL/sub_12/U105/ZN (NAND2_X1)                            0.03       3.06 r
  AL/sub_12/U57/ZN (NAND3_X1)                             0.04       3.10 f
  AL/sub_12/U2_26/CO (FA_X1)                              0.09       3.19 f
  AL/sub_12/U155/ZN (NAND2_X1)                            0.03       3.22 r
  AL/sub_12/U104/ZN (NAND3_X1)                            0.04       3.26 f
  AL/sub_12/U2_28/CO (FA_X1)                              0.09       3.34 f
  AL/sub_12/U136/ZN (NAND2_X1)                            0.04       3.38 r
  AL/sub_12/U131/ZN (NAND3_X1)                            0.04       3.42 f
  AL/sub_12/U99/ZN (NAND2_X1)                             0.03       3.45 r
  AL/sub_12/U4/ZN (NAND3_X1)                              0.03       3.48 f
  AL/sub_12/U1/Z (XOR2_X1)                                0.06       3.54 f
  AL/sub_12/DIFF[31] (ALU_DW01_sub_0)                     0.00       3.54 f
  AL/U216/ZN (INV_X1)                                     0.02       3.57 r
  AL/U229/ZN (OAI221_X1)                                  0.05       3.62 f
  AL/out[31] (ALU)                                        0.00       3.62 f
  D/A[31] (Data_Memory)                                   0.00       3.62 f
  D/U840/ZN (NOR4_X1)                                     0.09       3.71 r
  D/U796/ZN (NAND4_X1)                                    0.08       3.79 f
  D/U804/ZN (NOR2_X1)                                     0.09       3.88 r
  D/U877/Z (BUF_X1)                                       0.05       3.93 r
  D/U895/ZN (INV_X1)                                      0.04       3.97 f
  D/U894/Z (BUF_X1)                                       0.05       4.02 f
  D/U20/ZN (INV_X1)                                       0.07       4.09 r
  D/U550/ZN (OAI22_X1)                                    0.05       4.14 f
  D/Dmem_reg_5__5_/D (DFFR_X1)                            0.01       4.15 f
  data arrival time                                                  4.15

  clock clk (rise edge)                                   4.20       4.20
  clock network delay (ideal)                             0.00       4.20
  D/Dmem_reg_5__5_/CK (DFFR_X1)                           0.00       4.20 r
  library setup time                                     -0.04       4.16
  data required time                                                 4.16
  --------------------------------------------------------------------------
  data required time                                                 4.16
  data arrival time                                                 -4.15
  --------------------------------------------------------------------------
  slack (MET)                                                        0.01


  Startpoint: Instr[4] (input port clocked by clk)
  Endpoint: D/Dmem_reg_5__4_
            (rising edge-triggered flip-flop clocked by clk)
  Path Group: clk
  Path Type: max

  Des/Clust/Port     Wire Load Model       Library
  ------------------------------------------------
  RISC_v             5K_hvratio_1_1        NangateOpenCellLibrary_ss0p95vn40c

  Point                                                   Incr       Path
  --------------------------------------------------------------------------
  clock clk (rise edge)                                   0.00       0.00
  clock network delay (ideal)                             0.00       0.00
  input external delay                                    0.50       0.50 f
  Instr[4] (in)                                           0.01       0.51 f
  Controller/op[4] (Control_Unit)                         0.00       0.51 f
  Controller/M1/op[4] (Main_Decoder)                      0.00       0.51 f
  Controller/M1/U16/ZN (INV_X1)                           0.03       0.55 r
  Controller/M1/U18/ZN (AND2_X1)                          0.04       0.59 r
  Controller/M1/U17/ZN (NAND4_X1)                         0.05       0.63 f
  Controller/M1/U6/ZN (NOR3_X1)                           0.11       0.74 r
  Controller/M1/U23/ZN (OR2_X1)                           0.07       0.81 r
  Controller/M1/ImmSrc[0] (Main_Decoder)                  0.00       0.81 r
  Controller/ImmSrc[0] (Control_Unit)                     0.00       0.81 r
  EX/ImmSrc[0] (Immediate_extender)                       0.00       0.81 r
  EX/U29/ZN (INV_X1)                                      0.03       0.84 f
  EX/U36/Z (XOR2_X1)                                      0.08       0.92 f
  EX/U35/ZN (INV_X1)                                      0.05       0.96 r
  EX/U34/ZN (AOI22_X1)                                    0.04       1.00 f
  EX/U30/ZN (INV_X1)                                      0.03       1.03 r
  EX/immediate_extended[1] (Immediate_extender)           0.00       1.03 r
  select_operand/B[1] (mux32_width32_1)                   0.00       1.03 r
  select_operand/U68/ZN (AOI22_X1)                        0.03       1.07 f
  select_operand/U70/ZN (INV_X1)                          0.04       1.11 r
  select_operand/out[1] (mux32_width32_1)                 0.00       1.11 r
  AL/src_B[1] (ALU)                                       0.00       1.11 r
  AL/sub_12/B[1] (ALU_DW01_sub_0)                         0.00       1.11 r
  AL/sub_12/U125/ZN (INV_X1)                              0.03       1.14 f
  AL/sub_12/U2_1/CO (FA_X1)                               0.10       1.24 f
  AL/sub_12/U153/ZN (NAND2_X1)                            0.03       1.27 r
  AL/sub_12/U63/ZN (NAND3_X1)                             0.05       1.32 f
  AL/sub_12/U151/ZN (NAND2_X1)                            0.03       1.35 r
  AL/sub_12/U59/ZN (NAND3_X1)                             0.05       1.40 f
  AL/sub_12/U106/ZN (NAND2_X1)                            0.03       1.43 r
  AL/sub_12/U41/ZN (NAND3_X1)                             0.04       1.47 f
  AL/sub_12/U2_5/CO (FA_X1)                               0.09       1.56 f
  AL/sub_12/U169/ZN (NAND2_X1)                            0.04       1.59 r
  AL/sub_12/U167/ZN (NAND3_X1)                            0.05       1.64 f
  AL/sub_12/U124/ZN (NAND2_X1)                            0.04       1.68 r
  AL/sub_12/U122/ZN (NAND3_X1)                            0.03       1.71 f
  AL/sub_12/U93/ZN (NAND2_X1)                             0.03       1.74 r
  AL/sub_12/U44/ZN (NAND3_X1)                             0.04       1.78 f
  AL/sub_12/U2_9/CO (FA_X1)                               0.09       1.86 f
  AL/sub_12/U149/ZN (NAND2_X1)                            0.04       1.90 r
  AL/sub_12/U147/ZN (NAND3_X1)                            0.04       1.94 f
  AL/sub_12/U119/ZN (NAND2_X1)                            0.03       1.98 r
  AL/sub_12/U118/ZN (NAND3_X1)                            0.04       2.01 f
  AL/sub_12/U2_12/CO (FA_X1)                              0.09       2.10 f
  AL/sub_12/U164/ZN (NAND2_X1)                            0.03       2.13 r
  AL/sub_12/U47/ZN (NAND3_X1)                             0.04       2.17 f
  AL/sub_12/U2_14/CO (FA_X1)                              0.09       2.26 f
  AL/sub_12/U163/ZN (NAND2_X1)                            0.04       2.30 r
  AL/sub_12/U144/ZN (NAND3_X1)                            0.04       2.34 f
  AL/sub_12/U88/ZN (NAND2_X1)                             0.03       2.36 r
  AL/sub_12/U97/ZN (NAND3_X1)                             0.04       2.40 f
  AL/sub_12/U2_17/CO (FA_X1)                              0.09       2.49 f
  AL/sub_12/U161/ZN (NAND2_X1)                            0.04       2.52 r
  AL/sub_12/U143/ZN (NAND3_X1)                            0.05       2.57 f
  AL/sub_12/U117/ZN (NAND2_X1)                            0.03       2.60 r
  AL/sub_12/U52/ZN (NAND3_X1)                             0.03       2.63 f
  AL/sub_12/U2_20/CO (FA_X1)                              0.09       2.72 f
  AL/sub_12/U159/ZN (NAND2_X1)                            0.04       2.76 r
  AL/sub_12/U116/ZN (NAND3_X1)                            0.05       2.80 f
  AL/sub_12/U111/ZN (NAND2_X1)                            0.03       2.83 r
  AL/sub_12/U110/ZN (NAND3_X1)                            0.04       2.87 f
  AL/sub_12/U2_23/CO (FA_X1)                              0.09       2.96 f
  AL/sub_12/U157/ZN (NAND2_X1)                            0.04       3.00 r
  AL/sub_12/U140/ZN (NAND3_X1)                            0.04       3.04 f
  AL/sub_12/U105/ZN (NAND2_X1)                            0.03       3.06 r
  AL/sub_12/U57/ZN (NAND3_X1)                             0.04       3.10 f
  AL/sub_12/U2_26/CO (FA_X1)                              0.09       3.19 f
  AL/sub_12/U155/ZN (NAND2_X1)                            0.03       3.22 r
  AL/sub_12/U104/ZN (NAND3_X1)                            0.04       3.26 f
  AL/sub_12/U2_28/CO (FA_X1)                              0.09       3.34 f
  AL/sub_12/U136/ZN (NAND2_X1)                            0.04       3.38 r
  AL/sub_12/U131/ZN (NAND3_X1)                            0.04       3.42 f
  AL/sub_12/U99/ZN (NAND2_X1)                             0.03       3.45 r
  AL/sub_12/U4/ZN (NAND3_X1)                              0.03       3.48 f
  AL/sub_12/U1/Z (XOR2_X1)                                0.06       3.54 f
  AL/sub_12/DIFF[31] (ALU_DW01_sub_0)                     0.00       3.54 f
  AL/U216/ZN (INV_X1)                                     0.02       3.57 r
  AL/U229/ZN (OAI221_X1)                                  0.05       3.62 f
  AL/out[31] (ALU)                                        0.00       3.62 f
  D/A[31] (Data_Memory)                                   0.00       3.62 f
  D/U840/ZN (NOR4_X1)                                     0.09       3.71 r
  D/U796/ZN (NAND4_X1)                                    0.08       3.79 f
  D/U804/ZN (NOR2_X1)                                     0.09       3.88 r
  D/U877/Z (BUF_X1)                                       0.05       3.93 r
  D/U895/ZN (INV_X1)                                      0.04       3.97 f
  D/U894/Z (BUF_X1)                                       0.05       4.02 f
  D/U20/ZN (INV_X1)                                       0.07       4.09 r
  D/U549/ZN (OAI22_X1)                                    0.05       4.14 f
  D/Dmem_reg_5__4_/D (DFFR_X1)                            0.01       4.15 f
  data arrival time                                                  4.15

  clock clk (rise edge)                                   4.20       4.20
  clock network delay (ideal)                             0.00       4.20
  D/Dmem_reg_5__4_/CK (DFFR_X1)                           0.00       4.20 r
  library setup time                                     -0.04       4.16
  data required time                                                 4.16
  --------------------------------------------------------------------------
  data required time                                                 4.16
  data arrival time                                                 -4.15
  --------------------------------------------------------------------------
  slack (MET)                                                        0.01


  Startpoint: Instr[4] (input port clocked by clk)
  Endpoint: D/Dmem_reg_5__3_
            (rising edge-triggered flip-flop clocked by clk)
  Path Group: clk
  Path Type: max

  Des/Clust/Port     Wire Load Model       Library
  ------------------------------------------------
  RISC_v             5K_hvratio_1_1        NangateOpenCellLibrary_ss0p95vn40c

  Point                                                   Incr       Path
  --------------------------------------------------------------------------
  clock clk (rise edge)                                   0.00       0.00
  clock network delay (ideal)                             0.00       0.00
  input external delay                                    0.50       0.50 f
  Instr[4] (in)                                           0.01       0.51 f
  Controller/op[4] (Control_Unit)                         0.00       0.51 f
  Controller/M1/op[4] (Main_Decoder)                      0.00       0.51 f
  Controller/M1/U16/ZN (INV_X1)                           0.03       0.55 r
  Controller/M1/U18/ZN (AND2_X1)                          0.04       0.59 r
  Controller/M1/U17/ZN (NAND4_X1)                         0.05       0.63 f
  Controller/M1/U6/ZN (NOR3_X1)                           0.11       0.74 r
  Controller/M1/U23/ZN (OR2_X1)                           0.07       0.81 r
  Controller/M1/ImmSrc[0] (Main_Decoder)                  0.00       0.81 r
  Controller/ImmSrc[0] (Control_Unit)                     0.00       0.81 r
  EX/ImmSrc[0] (Immediate_extender)                       0.00       0.81 r
  EX/U29/ZN (INV_X1)                                      0.03       0.84 f
  EX/U36/Z (XOR2_X1)                                      0.08       0.92 f
  EX/U35/ZN (INV_X1)                                      0.05       0.96 r
  EX/U34/ZN (AOI22_X1)                                    0.04       1.00 f
  EX/U30/ZN (INV_X1)                                      0.03       1.03 r
  EX/immediate_extended[1] (Immediate_extender)           0.00       1.03 r
  select_operand/B[1] (mux32_width32_1)                   0.00       1.03 r
  select_operand/U68/ZN (AOI22_X1)                        0.03       1.07 f
  select_operand/U70/ZN (INV_X1)                          0.04       1.11 r
  select_operand/out[1] (mux32_width32_1)                 0.00       1.11 r
  AL/src_B[1] (ALU)                                       0.00       1.11 r
  AL/sub_12/B[1] (ALU_DW01_sub_0)                         0.00       1.11 r
  AL/sub_12/U125/ZN (INV_X1)                              0.03       1.14 f
  AL/sub_12/U2_1/CO (FA_X1)                               0.10       1.24 f
  AL/sub_12/U153/ZN (NAND2_X1)                            0.03       1.27 r
  AL/sub_12/U63/ZN (NAND3_X1)                             0.05       1.32 f
  AL/sub_12/U151/ZN (NAND2_X1)                            0.03       1.35 r
  AL/sub_12/U59/ZN (NAND3_X1)                             0.05       1.40 f
  AL/sub_12/U106/ZN (NAND2_X1)                            0.03       1.43 r
  AL/sub_12/U41/ZN (NAND3_X1)                             0.04       1.47 f
  AL/sub_12/U2_5/CO (FA_X1)                               0.09       1.56 f
  AL/sub_12/U169/ZN (NAND2_X1)                            0.04       1.59 r
  AL/sub_12/U167/ZN (NAND3_X1)                            0.05       1.64 f
  AL/sub_12/U124/ZN (NAND2_X1)                            0.04       1.68 r
  AL/sub_12/U122/ZN (NAND3_X1)                            0.03       1.71 f
  AL/sub_12/U93/ZN (NAND2_X1)                             0.03       1.74 r
  AL/sub_12/U44/ZN (NAND3_X1)                             0.04       1.78 f
  AL/sub_12/U2_9/CO (FA_X1)                               0.09       1.86 f
  AL/sub_12/U149/ZN (NAND2_X1)                            0.04       1.90 r
  AL/sub_12/U147/ZN (NAND3_X1)                            0.04       1.94 f
  AL/sub_12/U119/ZN (NAND2_X1)                            0.03       1.98 r
  AL/sub_12/U118/ZN (NAND3_X1)                            0.04       2.01 f
  AL/sub_12/U2_12/CO (FA_X1)                              0.09       2.10 f
  AL/sub_12/U164/ZN (NAND2_X1)                            0.03       2.13 r
  AL/sub_12/U47/ZN (NAND3_X1)                             0.04       2.17 f
  AL/sub_12/U2_14/CO (FA_X1)                              0.09       2.26 f
  AL/sub_12/U163/ZN (NAND2_X1)                            0.04       2.30 r
  AL/sub_12/U144/ZN (NAND3_X1)                            0.04       2.34 f
  AL/sub_12/U88/ZN (NAND2_X1)                             0.03       2.36 r
  AL/sub_12/U97/ZN (NAND3_X1)                             0.04       2.40 f
  AL/sub_12/U2_17/CO (FA_X1)                              0.09       2.49 f
  AL/sub_12/U161/ZN (NAND2_X1)                            0.04       2.52 r
  AL/sub_12/U143/ZN (NAND3_X1)                            0.05       2.57 f
  AL/sub_12/U117/ZN (NAND2_X1)                            0.03       2.60 r
  AL/sub_12/U52/ZN (NAND3_X1)                             0.03       2.63 f
  AL/sub_12/U2_20/CO (FA_X1)                              0.09       2.72 f
  AL/sub_12/U159/ZN (NAND2_X1)                            0.04       2.76 r
  AL/sub_12/U116/ZN (NAND3_X1)                            0.05       2.80 f
  AL/sub_12/U111/ZN (NAND2_X1)                            0.03       2.83 r
  AL/sub_12/U110/ZN (NAND3_X1)                            0.04       2.87 f
  AL/sub_12/U2_23/CO (FA_X1)                              0.09       2.96 f
  AL/sub_12/U157/ZN (NAND2_X1)                            0.04       3.00 r
  AL/sub_12/U140/ZN (NAND3_X1)                            0.04       3.04 f
  AL/sub_12/U105/ZN (NAND2_X1)                            0.03       3.06 r
  AL/sub_12/U57/ZN (NAND3_X1)                             0.04       3.10 f
  AL/sub_12/U2_26/CO (FA_X1)                              0.09       3.19 f
  AL/sub_12/U155/ZN (NAND2_X1)                            0.03       3.22 r
  AL/sub_12/U104/ZN (NAND3_X1)                            0.04       3.26 f
  AL/sub_12/U2_28/CO (FA_X1)                              0.09       3.34 f
  AL/sub_12/U136/ZN (NAND2_X1)                            0.04       3.38 r
  AL/sub_12/U131/ZN (NAND3_X1)                            0.04       3.42 f
  AL/sub_12/U99/ZN (NAND2_X1)                             0.03       3.45 r
  AL/sub_12/U4/ZN (NAND3_X1)                              0.03       3.48 f
  AL/sub_12/U1/Z (XOR2_X1)                                0.06       3.54 f
  AL/sub_12/DIFF[31] (ALU_DW01_sub_0)                     0.00       3.54 f
  AL/U216/ZN (INV_X1)                                     0.02       3.57 r
  AL/U229/ZN (OAI221_X1)                                  0.05       3.62 f
  AL/out[31] (ALU)                                        0.00       3.62 f
  D/A[31] (Data_Memory)                                   0.00       3.62 f
  D/U840/ZN (NOR4_X1)                                     0.09       3.71 r
  D/U796/ZN (NAND4_X1)                                    0.08       3.79 f
  D/U804/ZN (NOR2_X1)                                     0.09       3.88 r
  D/U877/Z (BUF_X1)                                       0.05       3.93 r
  D/U895/ZN (INV_X1)                                      0.04       3.97 f
  D/U894/Z (BUF_X1)                                       0.05       4.02 f
  D/U20/ZN (INV_X1)                                       0.07       4.09 r
  D/U597/ZN (OAI22_X1)                                    0.05       4.14 f
  D/Dmem_reg_5__3_/D (DFFR_X1)                            0.01       4.15 f
  data arrival time                                                  4.15

  clock clk (rise edge)                                   4.20       4.20
  clock network delay (ideal)                             0.00       4.20
  D/Dmem_reg_5__3_/CK (DFFR_X1)                           0.00       4.20 r
  library setup time                                     -0.04       4.16
  data required time                                                 4.16
  --------------------------------------------------------------------------
  data required time                                                 4.16
  data arrival time                                                 -4.15
  --------------------------------------------------------------------------
  slack (MET)                                                        0.01


  Startpoint: Instr[4] (input port clocked by clk)
  Endpoint: D/Dmem_reg_5__1_
            (rising edge-triggered flip-flop clocked by clk)
  Path Group: clk
  Path Type: max

  Des/Clust/Port     Wire Load Model       Library
  ------------------------------------------------
  RISC_v             5K_hvratio_1_1        NangateOpenCellLibrary_ss0p95vn40c

  Point                                                   Incr       Path
  --------------------------------------------------------------------------
  clock clk (rise edge)                                   0.00       0.00
  clock network delay (ideal)                             0.00       0.00
  input external delay                                    0.50       0.50 f
  Instr[4] (in)                                           0.01       0.51 f
  Controller/op[4] (Control_Unit)                         0.00       0.51 f
  Controller/M1/op[4] (Main_Decoder)                      0.00       0.51 f
  Controller/M1/U16/ZN (INV_X1)                           0.03       0.55 r
  Controller/M1/U18/ZN (AND2_X1)                          0.04       0.59 r
  Controller/M1/U17/ZN (NAND4_X1)                         0.05       0.63 f
  Controller/M1/U6/ZN (NOR3_X1)                           0.11       0.74 r
  Controller/M1/U23/ZN (OR2_X1)                           0.07       0.81 r
  Controller/M1/ImmSrc[0] (Main_Decoder)                  0.00       0.81 r
  Controller/ImmSrc[0] (Control_Unit)                     0.00       0.81 r
  EX/ImmSrc[0] (Immediate_extender)                       0.00       0.81 r
  EX/U29/ZN (INV_X1)                                      0.03       0.84 f
  EX/U36/Z (XOR2_X1)                                      0.08       0.92 f
  EX/U35/ZN (INV_X1)                                      0.05       0.96 r
  EX/U34/ZN (AOI22_X1)                                    0.04       1.00 f
  EX/U30/ZN (INV_X1)                                      0.03       1.03 r
  EX/immediate_extended[1] (Immediate_extender)           0.00       1.03 r
  select_operand/B[1] (mux32_width32_1)                   0.00       1.03 r
  select_operand/U68/ZN (AOI22_X1)                        0.03       1.07 f
  select_operand/U70/ZN (INV_X1)                          0.04       1.11 r
  select_operand/out[1] (mux32_width32_1)                 0.00       1.11 r
  AL/src_B[1] (ALU)                                       0.00       1.11 r
  AL/sub_12/B[1] (ALU_DW01_sub_0)                         0.00       1.11 r
  AL/sub_12/U125/ZN (INV_X1)                              0.03       1.14 f
  AL/sub_12/U2_1/CO (FA_X1)                               0.10       1.24 f
  AL/sub_12/U153/ZN (NAND2_X1)                            0.03       1.27 r
  AL/sub_12/U63/ZN (NAND3_X1)                             0.05       1.32 f
  AL/sub_12/U151/ZN (NAND2_X1)                            0.03       1.35 r
  AL/sub_12/U59/ZN (NAND3_X1)                             0.05       1.40 f
  AL/sub_12/U106/ZN (NAND2_X1)                            0.03       1.43 r
  AL/sub_12/U41/ZN (NAND3_X1)                             0.04       1.47 f
  AL/sub_12/U2_5/CO (FA_X1)                               0.09       1.56 f
  AL/sub_12/U169/ZN (NAND2_X1)                            0.04       1.59 r
  AL/sub_12/U167/ZN (NAND3_X1)                            0.05       1.64 f
  AL/sub_12/U124/ZN (NAND2_X1)                            0.04       1.68 r
  AL/sub_12/U122/ZN (NAND3_X1)                            0.03       1.71 f
  AL/sub_12/U93/ZN (NAND2_X1)                             0.03       1.74 r
  AL/sub_12/U44/ZN (NAND3_X1)                             0.04       1.78 f
  AL/sub_12/U2_9/CO (FA_X1)                               0.09       1.86 f
  AL/sub_12/U149/ZN (NAND2_X1)                            0.04       1.90 r
  AL/sub_12/U147/ZN (NAND3_X1)                            0.04       1.94 f
  AL/sub_12/U119/ZN (NAND2_X1)                            0.03       1.98 r
  AL/sub_12/U118/ZN (NAND3_X1)                            0.04       2.01 f
  AL/sub_12/U2_12/CO (FA_X1)                              0.09       2.10 f
  AL/sub_12/U164/ZN (NAND2_X1)                            0.03       2.13 r
  AL/sub_12/U47/ZN (NAND3_X1)                             0.04       2.17 f
  AL/sub_12/U2_14/CO (FA_X1)                              0.09       2.26 f
  AL/sub_12/U163/ZN (NAND2_X1)                            0.04       2.30 r
  AL/sub_12/U144/ZN (NAND3_X1)                            0.04       2.34 f
  AL/sub_12/U88/ZN (NAND2_X1)                             0.03       2.36 r
  AL/sub_12/U97/ZN (NAND3_X1)                             0.04       2.40 f
  AL/sub_12/U2_17/CO (FA_X1)                              0.09       2.49 f
  AL/sub_12/U161/ZN (NAND2_X1)                            0.04       2.52 r
  AL/sub_12/U143/ZN (NAND3_X1)                            0.05       2.57 f
  AL/sub_12/U117/ZN (NAND2_X1)                            0.03       2.60 r
  AL/sub_12/U52/ZN (NAND3_X1)                             0.03       2.63 f
  AL/sub_12/U2_20/CO (FA_X1)                              0.09       2.72 f
  AL/sub_12/U159/ZN (NAND2_X1)                            0.04       2.76 r
  AL/sub_12/U116/ZN (NAND3_X1)                            0.05       2.80 f
  AL/sub_12/U111/ZN (NAND2_X1)                            0.03       2.83 r
  AL/sub_12/U110/ZN (NAND3_X1)                            0.04       2.87 f
  AL/sub_12/U2_23/CO (FA_X1)                              0.09       2.96 f
  AL/sub_12/U157/ZN (NAND2_X1)                            0.04       3.00 r
  AL/sub_12/U140/ZN (NAND3_X1)                            0.04       3.04 f
  AL/sub_12/U105/ZN (NAND2_X1)                            0.03       3.06 r
  AL/sub_12/U57/ZN (NAND3_X1)                             0.04       3.10 f
  AL/sub_12/U2_26/CO (FA_X1)                              0.09       3.19 f
  AL/sub_12/U155/ZN (NAND2_X1)                            0.03       3.22 r
  AL/sub_12/U104/ZN (NAND3_X1)                            0.04       3.26 f
  AL/sub_12/U2_28/CO (FA_X1)                              0.09       3.34 f
  AL/sub_12/U136/ZN (NAND2_X1)                            0.04       3.38 r
  AL/sub_12/U131/ZN (NAND3_X1)                            0.04       3.42 f
  AL/sub_12/U99/ZN (NAND2_X1)                             0.03       3.45 r
  AL/sub_12/U4/ZN (NAND3_X1)                              0.03       3.48 f
  AL/sub_12/U1/Z (XOR2_X1)                                0.06       3.54 f
  AL/sub_12/DIFF[31] (ALU_DW01_sub_0)                     0.00       3.54 f
  AL/U216/ZN (INV_X1)                                     0.02       3.57 r
  AL/U229/ZN (OAI221_X1)                                  0.05       3.62 f
  AL/out[31] (ALU)                                        0.00       3.62 f
  D/A[31] (Data_Memory)                                   0.00       3.62 f
  D/U840/ZN (NOR4_X1)                                     0.09       3.71 r
  D/U796/ZN (NAND4_X1)                                    0.08       3.79 f
  D/U804/ZN (NOR2_X1)                                     0.09       3.88 r
  D/U877/Z (BUF_X1)                                       0.05       3.93 r
  D/U895/ZN (INV_X1)                                      0.04       3.97 f
  D/U894/Z (BUF_X1)                                       0.05       4.02 f
  D/U20/ZN (INV_X1)                                       0.07       4.09 r
  D/U596/ZN (OAI22_X1)                                    0.05       4.14 f
  D/Dmem_reg_5__1_/D (DFFR_X1)                            0.01       4.15 f
  data arrival time                                                  4.15

  clock clk (rise edge)                                   4.20       4.20
  clock network delay (ideal)                             0.00       4.20
  D/Dmem_reg_5__1_/CK (DFFR_X1)                           0.00       4.20 r
  library setup time                                     -0.04       4.16
  data required time                                                 4.16
  --------------------------------------------------------------------------
  data required time                                                 4.16
  data arrival time                                                 -4.15
  --------------------------------------------------------------------------
  slack (MET)                                                        0.01


1
